<?xml version="1.0" encoding="UTF-8"?>
<testng-results skipped="0" failed="0" ignored="0" total="1" passed="1">
  <reporter-output>
  </reporter-output>
  <suite name="Surefire suite" duration-ms="46" started-at="2020-10-25T04:21:22Z" finished-at="2020-10-25T04:21:22Z">
    <groups>
    </groups>
    <test name="Surefire test" duration-ms="46" started-at="2020-10-25T04:21:22Z" finished-at="2020-10-25T04:21:22Z">
      <class name="test.TestScopeCompile">
        <test-method status="PASS" signature="aaa()[pri:0, instance:test.TestScopeCompile@d041cf]" name="aaa" duration-ms="14" started-at="2020-10-25T04:21:22Z" finished-at="2020-10-25T04:21:22Z">
          <reporter-output>
          </reporter-output>
        </test-method> <!-- aaa -->
      </class> <!-- test.TestScopeCompile -->
    </test> <!-- Surefire test -->
  </suite> <!-- Surefire suite -->
</testng-results>
