<?xml version="1.0" encoding="UTF-8"?>
<!-- Generated by org.testng.reporters.JUnitXMLReporter -->
<testsuite hostname="DESKTOP-MD85P52" ignored="0" name="Surefire test" tests="3" failures="0" timestamp="03 十一月 2020 07:25:59 GMT" time="0.041" errors="0">
  <testcase name="searchBaidu2" time="0.005" classname="testgit.com.TestngTest"/>
  <testcase name="searchBaidu3" time="0.0" classname="testgit.com.TestngTest"/>
  <testcase name="searchBaidu4" time="0.0" classname="testgit.com.TestngTest"/>
</testsuite> <!-- Surefire test -->
