<?xml version="1.0" encoding="UTF-8"?>
<!-- Generated by org.testng.reporters.JUnitXMLReporter -->
<testsuite hostname="DESKTOP-MD85P52" ignored="1" name="Default test" tests="2" failures="0" timestamp="25 十月 2020 04:21:09 GMT" time="0.026" errors="0">
  <testcase name="searchBaidu2" time="0.002" classname="testgit.com.TestngTest"/>
  <testcase name="searchBaidu4" time="0.001" classname="testgit.com.TestngTest"/>
  <testcase name="searchBaidu3" time="0.0" classname="testgit.com.TestngTest">
    <ignored/>
  </testcase> <!-- searchBaidu3 -->
</testsuite> <!-- Default test -->
