<?xml version="1.0" encoding="UTF-8"?>
<!-- Generated by org.testng.reporters.JUnitXMLReporter -->
<testsuite hostname="DESKTOP-MD85P52" ignored="1" name="Default test" tests="2" failures="0" timestamp="03 十一月 2020 08:03:03 GMT" time="0.023" errors="0">
  <testcase name="searchBaidu2" time="0.0" classname="testgit.TestngTest"/>
  <testcase name="searchBaidu4" time="0.001" classname="testgit.TestngTest"/>
  <testcase name="searchBaidu3" time="0.0" classname="testgit.TestngTest">
    <ignored/>
  </testcase> <!-- searchBaidu3 -->
</testsuite> <!-- Default test -->
